{
  "RSpec": {
    "coverage": {
      "/Users/anton/Desktop/Projects/PersonalAutoAssistant/Personal-auto-assistant/config/environment.rb": {
        "lines": [
          null,
          null,
          null,
          1,
          null,
          null,
          1
        ]
      },
      "/Users/anton/Desktop/Projects/PersonalAutoAssistant/Personal-auto-assistant/config/application.rb": {
        "lines": [
          null,
          null,
          1,
          null,
          1,
          null,
          1,
          1,
          1,
          1,
          1,
          1,
          1,
          1,
          1,
          1,
          1,
          null,
          null,
          null,
          null,
          1,
          null,
          1,
          1,
          null,
          1,
          null,
          null,
          null,
          null,
          null,
          null,
          null,
          null,
          null,
          null,
          1,
          null,
          null
        ]
      },
      "/Users/anton/Desktop/Projects/PersonalAutoAssistant/Personal-auto-assistant/config/boot.rb": {
        "lines": [
          null,
          null,
          1,
          null,
          1,
          1
        ]
      },
      "/Users/anton/Desktop/Projects/PersonalAutoAssistant/Personal-auto-assistant/config/environments/test.rb": {
        "lines": [
          null,
          null,
          1,
          null,
          null,
          null,
          null,
          null,
          null,
          1,
          null,
          null,
          1,
          1,
          null,
          null,
          null,
          null,
          1,
          null,
          null,
          1,
          1,
          null,
          null,
          null,
          null,
          1,
          1,
          1,
          null,
          null,
          1,
          null,
          null,
          1,
          null,
          null,
          1,
          null,
          1,
          null,
          1,
          null,
          null,
          null,
          null,
          1,
          null,
          null,
          1,
          null,
          null,
          1,
          null,
          null,
          1,
          null,
          null,
          null,
          null,
          null,
          null,
          null
        ]
      },
      "/Users/anton/Desktop/Projects/PersonalAutoAssistant/Personal-auto-assistant/config/initializers/application_controller_renderer.rb": {
        "lines": [
          null,
          null,
          null,
          null,
          null,
          null,
          null,
          null,
          null
        ]
      },
      "/Users/anton/Desktop/Projects/PersonalAutoAssistant/Personal-auto-assistant/config/initializers/assets.rb": {
        "lines": [
          null,
          null,
          null,
          null,
          null,
          1,
          null,
          null,
          null,
          null,
          1,
          null,
          null,
          null,
          null,
          null
        ]
      },
      "/Users/anton/Desktop/Projects/PersonalAutoAssistant/Personal-auto-assistant/config/initializers/backtrace_silencers.rb": {
        "lines": [
          null,
          null,
          null,
          null,
          null,
          null,
          null,
          null,
          null,
          1
        ]
      },
      "/Users/anton/Desktop/Projects/PersonalAutoAssistant/Personal-auto-assistant/config/initializers/content_security_policy.rb": {
        "lines": [
          null,
          null,
          null,
          null,
          null,
          null,
          null,
          null,
          null,
          null,
          null,
          null,
          null,
          null,
          null,
          null,
          null,
          null,
          null,
          null,
          null,
          null,
          null,
          null,
          null,
          null,
          null,
          null,
          null,
          null,
          null
        ]
      },
      "/Users/anton/Desktop/Projects/PersonalAutoAssistant/Personal-auto-assistant/config/initializers/cookies_serializer.rb": {
        "lines": [
          null,
          null,
          null,
          null,
          null,
          null,
          1
        ]
      },
      "/Users/anton/Desktop/Projects/PersonalAutoAssistant/Personal-auto-assistant/config/initializers/devise.rb": {
        "lines": [
          null,
          null,
          null,
          null,
          null,
          null,
          null,
          null,
          null,
          null,
          1,
          null,
          null,
          null,
          null,
          null,
          null,
          null,
          null,
          null,
          null,
          null,
          null,
          null,
          null,
          null,
          1,
          null,
          null,
          1,
          null,
          null,
          1,
          null,
          null,
          null,
          null,
          null,
          1,
          null,
          null,
          null,
          null,
          null,
          null,
          null,
          null,
          null,
          null,
          null,
          null,
          null,
          null,
          null,
          null,
          null,
          null,
          null,
          null,
          null,
          1,
          null,
          null,
          null,
          null,
          1,
          null,
          null,
          null,
          null,
          null,
          null,
          null,
          null,
          null,
          null,
          null,
          null,
          null,
          null,
          null,
          null,
          null,
          null,
          null,
          null,
          null,
          null,
          null,
          null,
          null,
          null,
          null,
          null,
          null,
          null,
          null,
          null,
          null,
          1,
          null,
          null,
          null,
          null,
          null,
          null,
          null,
          null,
          null,
          null,
          null,
          null,
          null,
          null,
          null,
          null,
          null,
          null,
          null,
          null,
          null,
          null,
          null,
          null,
          null,
          1,
          null,
          null,
          null,
          null,
          null,
          null,
          null,
          null,
          null,
          null,
          null,
          null,
          null,
          null,
          null,
          null,
          null,
          null,
          null,
          null,
          null,
          null,
          null,
          null,
          null,
          null,
          null,
          null,
          null,
          null,
          null,
          null,
          null,
          1,
          null,
          null,
          null,
          null,
          null,
          null,
          null,
          null,
          null,
          1,
          null,
          null,
          null,
          null,
          null,
          null,
          null,
          null,
          null,
          null,
          1,
          null,
          null,
          null,
          null,
          1,
          null,
          null,
          null,
          null,
          null,
          null,
          null,
          null,
          null,
          null,
          null,
          null,
          null,
          null,
          null,
          null,
          null,
          null,
          null,
          null,
          null,
          null,
          null,
          null,
          null,
          null,
          null,
          null,
          null,
          null,
          null,
          null,
          null,
          null,
          null,
          null,
          null,
          null,
          null,
          null,
          1,
          null,
          null,
          null,
          null,
          null,
          null,
          null,
          null,
          null,
          null,
          null,
          null,
          null,
          null,
          null,
          null,
          null,
          null,
          null,
          1,
          null,
          null,
          null,
          null,
          null,
          null,
          null,
          null,
          null,
          null,
          null,
          null,
          null,
          null,
          null,
          null,
          null,
          null,
          null,
          null,
          null,
          1,
          null,
          null,
          null,
          null,
          1,
          null,
          null,
          null,
          null,
          null,
          null,
          null,
          null,
          null,
          null,
          null,
          null,
          null,
          null,
          null,
          null,
          null,
          null,
          null,
          null,
          null,
          null,
          null,
          null,
          null,
          null,
          null,
          null,
          null,
          null,
          null,
          null,
          null,
          null,
          null,
          null,
          null
        ]
      },
      "/Users/anton/Desktop/Projects/PersonalAutoAssistant/Personal-auto-assistant/config/initializers/filter_parameter_logging.rb": {
        "lines": [
          null,
          null,
          null,
          null,
          null,
          1,
          null,
          null
        ]
      },
      "/Users/anton/Desktop/Projects/PersonalAutoAssistant/Personal-auto-assistant/config/initializers/graphiql.rb": {
        "lines": [
          null,
          1
        ]
      },
      "/Users/anton/Desktop/Projects/PersonalAutoAssistant/Personal-auto-assistant/config/initializers/inflections.rb": {
        "lines": [
          null,
          null,
          null,
          null,
          null,
          null,
          null,
          null,
          null,
          null,
          null,
          null,
          null,
          null,
          null,
          null,
          null
        ]
      },
      "/Users/anton/Desktop/Projects/PersonalAutoAssistant/Personal-auto-assistant/config/initializers/mime_types.rb": {
        "lines": [
          null,
          null,
          null,
          null,
          null
        ]
      },
      "/Users/anton/Desktop/Projects/PersonalAutoAssistant/Personal-auto-assistant/config/initializers/permissions_policy.rb": {
        "lines": [
          null,
          null,
          null,
          null,
          null,
          null,
          null,
          null,
          null,
          null,
          null,
          null
        ]
      },
      "/Users/anton/Desktop/Projects/PersonalAutoAssistant/Personal-auto-assistant/config/initializers/sidekiq_cron.rb": {
        "lines": [
          1,
          1
        ]
      },
      "/Users/anton/Desktop/Projects/PersonalAutoAssistant/Personal-auto-assistant/app/workers/document_worker.rb": {
        "lines": [
          null,
          null,
          1,
          1,
          null,
          1,
          0,
          0,
          null,
          0,
          0,
          null,
          null,
          null,
          null,
          null
        ]
      },
      "/Users/anton/Desktop/Projects/PersonalAutoAssistant/Personal-auto-assistant/app/workers/part_worker.rb": {
        "lines": [
          null,
          null,
          1,
          1,
          null,
          1,
          0,
          0,
          null,
          0,
          null,
          0,
          null,
          null,
          null,
          null,
          null
        ]
      },
      "/Users/anton/Desktop/Projects/PersonalAutoAssistant/Personal-auto-assistant/config/initializers/simple_form.rb": {
        "lines": [
          null,
          null,
          null,
          null,
          null,
          null,
          null,
          null,
          null,
          1,
          null,
          null,
          null,
          null,
          null,
          1,
          null,
          null,
          null,
          null,
          null,
          null,
          null,
          null,
          null,
          1,
          null,
          null,
          null,
          1,
          null,
          null,
          null,
          null,
          null,
          null,
          null,
          null,
          null,
          1,
          null,
          null,
          1,
          null,
          null,
          1,
          null,
          null,
          1,
          null,
          null,
          1,
          null,
          null,
          null,
          1,
          1,
          1,
          null,
          null,
          null,
          null,
          null,
          null,
          null,
          null,
          null,
          1,
          null,
          null,
          null,
          null,
          null,
          1,
          null,
          null,
          1,
          null,
          null,
          null,
          null,
          null,
          null,
          null,
          1,
          null,
          null,
          1,
          null,
          null,
          null,
          null,
          null,
          null,
          null,
          null,
          null,
          null,
          null,
          null,
          null,
          null,
          null,
          null,
          null,
          null,
          null,
          null,
          null,
          null,
          null,
          null,
          null,
          null,
          null,
          null,
          null,
          null,
          null,
          null,
          null,
          null,
          null,
          null,
          null,
          null,
          null,
          null,
          null,
          1,
          null,
          null,
          null,
          null,
          null,
          null,
          null,
          null,
          null,
          null,
          null,
          null,
          null,
          null,
          null,
          null,
          null,
          null,
          null,
          null,
          null,
          null,
          null,
          null,
          null,
          null,
          null,
          null,
          null,
          null,
          null,
          null,
          null,
          1,
          null,
          null,
          null,
          null,
          null,
          null,
          null,
          null,
          null,
          null,
          null,
          null
        ]
      },
      "/Users/anton/Desktop/Projects/PersonalAutoAssistant/Personal-auto-assistant/config/initializers/wrap_parameters.rb": {
        "lines": [
          null,
          null,
          null,
          null,
          null,
          null,
          null,
          null,
          1,
          2,
          null,
          null,
          null,
          null,
          null,
          null
        ]
      },
      "/Users/anton/Desktop/Projects/PersonalAutoAssistant/Personal-auto-assistant/spec/factories/cars.rb": {
        "lines": [
          null,
          null,
          1,
          1,
          1,
          1,
          1,
          1,
          1,
          1,
          1,
          1,
          1,
          1,
          null,
          1,
          0,
          0,
          null,
          null,
          0,
          0,
          null,
          null,
          0,
          null,
          null,
          null
        ]
      },
      "/Users/anton/Desktop/Projects/PersonalAutoAssistant/Personal-auto-assistant/spec/factories/consumables.rb": {
        "lines": [
          null,
          null,
          1,
          1,
          1,
          null,
          null
        ]
      },
      "/Users/anton/Desktop/Projects/PersonalAutoAssistant/Personal-auto-assistant/spec/factories/documents.rb": {
        "lines": [
          null,
          null,
          1,
          1,
          1,
          null,
          null
        ]
      },
      "/Users/anton/Desktop/Projects/PersonalAutoAssistant/Personal-auto-assistant/spec/factories/orders.rb": {
        "lines": [
          null,
          null,
          1,
          1,
          1,
          1,
          1,
          null,
          null
        ]
      },
      "/Users/anton/Desktop/Projects/PersonalAutoAssistant/Personal-auto-assistant/spec/factories/organizations.rb": {
        "lines": [
          null,
          null,
          1,
          1,
          1,
          1,
          1,
          1,
          1,
          null,
          1,
          1,
          0,
          0,
          0,
          0,
          null,
          null,
          null,
          1,
          1,
          0,
          null,
          null,
          null,
          null,
          null
        ]
      },
      "/Users/anton/Desktop/Projects/PersonalAutoAssistant/Personal-auto-assistant/spec/factories/parts.rb": {
        "lines": [
          null,
          null,
          1,
          1,
          1,
          null,
          null
        ]
      },
      "/Users/anton/Desktop/Projects/PersonalAutoAssistant/Personal-auto-assistant/spec/factories/services.rb": {
        "lines": [
          null,
          null,
          1,
          1,
          1,
          1,
          1,
          1,
          1,
          null,
          null
        ]
      },
      "/Users/anton/Desktop/Projects/PersonalAutoAssistant/Personal-auto-assistant/spec/factories/users.rb": {
        "lines": [
          null,
          null,
          1,
          1,
          2,
          2,
          2,
          2,
          2,
          null,
          1,
          1,
          0,
          null,
          0,
          null,
          null,
          null,
          1,
          1,
          null,
          1,
          2,
          null,
          null,
          1,
          null,
          null,
          null
        ]
      },
      "/Users/anton/Desktop/Projects/PersonalAutoAssistant/Personal-auto-assistant/spec/factories/works.rb": {
        "lines": [
          null,
          null,
          1,
          1,
          1,
          1,
          null,
          null
        ]
      },
      "/Users/anton/Desktop/Projects/PersonalAutoAssistant/Personal-auto-assistant/config/routes.rb": {
        "lines": [
          null,
          null,
          1,
          1,
          0,
          null,
          1,
          1,
          null,
          1,
          1,
          null,
          1,
          null,
          1,
          null,
          1,
          null,
          1,
          1,
          1,
          null,
          1,
          null,
          1,
          1,
          1,
          1,
          null,
          1,
          1,
          null,
          1,
          1,
          null
        ]
      },
      "/Users/anton/Desktop/Projects/PersonalAutoAssistant/Personal-auto-assistant/app/models/user.rb": {
        "lines": [
          null,
          null,
          null,
          null,
          null,
          null,
          null,
          null,
          null,
          null,
          null,
          null,
          null,
          null,
          null,
          null,
          null,
          null,
          null,
          null,
          null,
          null,
          null,
          null,
          null,
          1,
          1,
          1,
          null,
          1,
          null,
          1,
          null,
          null,
          null,
          1,
          null,
          null,
          null,
          1,
          null,
          null,
          null,
          1,
          1,
          1,
          null,
          1,
          0,
          0,
          null,
          0,
          null,
          0,
          null,
          null,
          1,
          0,
          null,
          null,
          1,
          0,
          null,
          null,
          1,
          0,
          null,
          0,
          null,
          null,
          null,
          null,
          null,
          null,
          null,
          null,
          null,
          null,
          1,
          0,
          null,
          null,
          1,
          0,
          null,
          null
        ]
      },
      "/Users/anton/Desktop/Projects/PersonalAutoAssistant/Personal-auto-assistant/app/models/application_record.rb": {
        "lines": [
          null,
          null,
          1,
          1,
          null
        ]
      },
      "/Users/anton/Desktop/Projects/PersonalAutoAssistant/Personal-auto-assistant/app/helpers/application_helper.rb": {
        "lines": [
          null,
          null,
          1,
          null
        ]
      },
      "/Users/anton/Desktop/Projects/PersonalAutoAssistant/Personal-auto-assistant/app/helpers/car_consumable_values_helper.rb": {
        "lines": [
          null,
          null,
          1,
          null
        ]
      },
      "/Users/anton/Desktop/Projects/PersonalAutoAssistant/Personal-auto-assistant/app/helpers/cars_helper.rb": {
        "lines": [
          null,
          null,
          1,
          null
        ]
      },
      "/Users/anton/Desktop/Projects/PersonalAutoAssistant/Personal-auto-assistant/app/helpers/cars_owners_documents_helper.rb": {
        "lines": [
          null,
          null,
          1,
          null
        ]
      },
      "/Users/anton/Desktop/Projects/PersonalAutoAssistant/Personal-auto-assistant/app/helpers/cities_helper.rb": {
        "lines": [
          null,
          null,
          1,
          null
        ]
      },
      "/Users/anton/Desktop/Projects/PersonalAutoAssistant/Personal-auto-assistant/app/helpers/orders_helper.rb": {
        "lines": [
          null,
          null,
          1,
          null
        ]
      },
      "/Users/anton/Desktop/Projects/PersonalAutoAssistant/Personal-auto-assistant/app/helpers/organizations_helper.rb": {
        "lines": [
          null,
          null,
          1,
          null
        ]
      },
      "/Users/anton/Desktop/Projects/PersonalAutoAssistant/Personal-auto-assistant/app/helpers/services_helper.rb": {
        "lines": [
          null,
          null,
          1,
          null
        ]
      },
      "/Users/anton/Desktop/Projects/PersonalAutoAssistant/Personal-auto-assistant/app/helpers/users_helper.rb": {
        "lines": [
          null,
          null,
          1,
          null
        ]
      },
      "/Users/anton/Desktop/Projects/PersonalAutoAssistant/Personal-auto-assistant/app/helpers/works_helper.rb": {
        "lines": [
          null,
          null,
          1,
          null
        ]
      },
      "/Users/anton/Desktop/Projects/PersonalAutoAssistant/Personal-auto-assistant/app/controllers/graphql_controller.rb": {
        "lines": [
          null,
          null,
          1,
          1,
          0,
          0,
          0,
          0,
          0,
          null,
          0,
          null,
          0,
          null,
          0,
          null,
          null,
          1,
          null,
          1,
          0,
          null,
          0,
          null,
          0,
          null,
          0,
          null,
          0,
          null,
          0,
          null,
          null,
          null,
          1,
          0,
          0,
          null,
          0,
          null,
          null,
          null
        ]
      },
      "/Users/anton/Desktop/Projects/PersonalAutoAssistant/Personal-auto-assistant/app/controllers/application_controller.rb": {
        "lines": [
          null,
          null,
          1,
          1,
          null,
          1,
          null,
          1,
          1,
          null,
          1,
          null,
          1,
          0,
          0,
          null,
          null,
          1,
          0,
          null,
          null,
          1,
          0,
          0,
          null,
          null,
          1,
          0,
          null,
          0,
          null,
          null
        ]
      },
      "/Users/anton/Desktop/Projects/PersonalAutoAssistant/Personal-auto-assistant/app/models/document.rb": {
        "lines": [
          null,
          null,
          null,
          null,
          null,
          null,
          null,
          null,
          null,
          null,
          null,
          1,
          1,
          1,
          null,
          1,
          null,
          1,
          null
        ]
      },
      "/Users/anton/Desktop/Projects/PersonalAutoAssistant/Personal-auto-assistant/app/models/cars_owners_document.rb": {
        "lines": [
          null,
          null,
          null,
          null,
          null,
          null,
          null,
          null,
          null,
          null,
          null,
          null,
          null,
          null,
          1,
          1,
          1,
          null,
          1,
          null,
          1,
          1,
          1,
          null,
          1,
          null,
          1,
          2,
          null,
          null
        ]
      },
      "/Users/anton/Desktop/Projects/PersonalAutoAssistant/Personal-auto-assistant/app/graphql/personal_auto_assitatnt_schema.rb": {
        "lines": [
          null,
          null,
          1,
          1,
          null,
          null,
          1,
          null,
          null,
          null,
          null,
          1,
          null,
          null,
          0,
          null,
          null,
          null,
          null,
          null,
          1,
          null,
          0,
          null,
          0,
          0,
          null,
          0,
          null,
          0,
          0,
          null,
          null,
          null,
          1,
          null,
          null,
          0,
          null,
          0,
          null,
          0,
          0,
          null,
          null
        ]
      },
      "/Users/anton/Desktop/Projects/PersonalAutoAssistant/Personal-auto-assistant/app/graphql/types/query_type.rb": {
        "lines": [
          null,
          null,
          1,
          1,
          1,
          1,
          null,
          1,
          null,
          null,
          1,
          1,
          null,
          null,
          1,
          1,
          null,
          null,
          1,
          0,
          null,
          null,
          1,
          0,
          null,
          null,
          1,
          0,
          null,
          null,
          null
        ]
      },
      "/Users/anton/Desktop/Projects/PersonalAutoAssistant/Personal-auto-assistant/app/graphql/types/base_object.rb": {
        "lines": [
          null,
          null,
          1,
          1,
          1,
          1,
          1,
          null,
          null
        ]
      },
      "/Users/anton/Desktop/Projects/PersonalAutoAssistant/Personal-auto-assistant/app/graphql/types/base_edge.rb": {
        "lines": [
          null,
          null,
          1,
          1,
          null,
          1,
          null,
          null
        ]
      },
      "/Users/anton/Desktop/Projects/PersonalAutoAssistant/Personal-auto-assistant/app/graphql/types/base_connection.rb": {
        "lines": [
          null,
          null,
          1,
          1,
          1,
          null,
          null
        ]
      },
      "/Users/anton/Desktop/Projects/PersonalAutoAssistant/Personal-auto-assistant/app/graphql/types/base_field.rb": {
        "lines": [
          null,
          null,
          1,
          1,
          1,
          null,
          null
        ]
      },
      "/Users/anton/Desktop/Projects/PersonalAutoAssistant/Personal-auto-assistant/app/graphql/types/base_argument.rb": {
        "lines": [
          null,
          null,
          1,
          1,
          null,
          null
        ]
      },
      "/Users/anton/Desktop/Projects/PersonalAutoAssistant/Personal-auto-assistant/app/graphql/types/user_type.rb": {
        "lines": [
          null,
          null,
          1,
          1,
          1,
          1,
          1,
          1,
          null,
          null
        ]
      },
      "/Users/anton/Desktop/Projects/PersonalAutoAssistant/Personal-auto-assistant/app/graphql/types/car_type.rb": {
        "lines": [
          null,
          null,
          1,
          1,
          1,
          1,
          1,
          1,
          1,
          1,
          1,
          1,
          1,
          1,
          1,
          1,
          1,
          null,
          null
        ]
      }
    },
    "timestamp": 1653653703
  }
}
